<?xml version="1.0" encoding="UTF-8"?>
<testsuites>
  <testsuite name="Test\IMCTest" file="L:\Repositorio\Projeto2_C214\tests\IMCtest.php" tests="9" assertions="9" errors="0" failures="0" skipped="0" time="0.007957">
    <testcase name="testCalculoIMCSucesso" file="L:\Repositorio\Projeto2_C214\tests\IMCtest.php" line="10" class="Test\IMCTest" classname="Test.IMCTest" assertions="1" time="0.007164"/>
    <testcase name="testClassificacaoAbaixoDoPeso" file="L:\Repositorio\Projeto2_C214\tests\IMCtest.php" line="15" class="Test\IMCTest" classname="Test.IMCTest" assertions="1" time="0.000160"/>
    <testcase name="testClassificacaoPesoNormal" file="L:\Repositorio\Projeto2_C214\tests\IMCtest.php" line="20" class="Test\IMCTest" classname="Test.IMCTest" assertions="1" time="0.000118"/>
    <testcase name="testClassificacaoSobrepeso" file="L:\Repositorio\Projeto2_C214\tests\IMCtest.php" line="25" class="Test\IMCTest" classname="Test.IMCTest" assertions="1" time="0.000102"/>
    <testcase name="testClassificacaoObesidade" file="L:\Repositorio\Projeto2_C214\tests\IMCtest.php" line="30" class="Test\IMCTest" classname="Test.IMCTest" assertions="1" time="0.000078"/>
    <testcase name="testCalculoIMCAlturaZero" file="L:\Repositorio\Projeto2_C214\tests\IMCtest.php" line="35" class="Test\IMCTest" classname="Test.IMCTest" assertions="1" time="0.000078"/>
    <testcase name="testCalculoIMCAlturaNegativa" file="L:\Repositorio\Projeto2_C214\tests\IMCtest.php" line="40" class="Test\IMCTest" classname="Test.IMCTest" assertions="1" time="0.000076"/>
    <testcase name="testCalculoIMCPesoZero" file="L:\Repositorio\Projeto2_C214\tests\IMCtest.php" line="45" class="Test\IMCTest" classname="Test.IMCTest" assertions="1" time="0.000094"/>
    <testcase name="testCalculoIMCValoresExtremos" file="L:\Repositorio\Projeto2_C214\tests\IMCtest.php" line="50" class="Test\IMCTest" classname="Test.IMCTest" assertions="1" time="0.000087"/>
  </testsuite>
</testsuites>
